<?xml version="1.0" encoding="UTF-8"?>
<testsuite xmlns:xsi="http://www.w3.org/2001/XMLSchema-instance" xsi:noNamespaceSchemaLocation="https://maven.apache.org/surefire/maven-surefire-plugin/xsd/surefire-test-report-3.0.xsd" version="3.0" name="StepDefinations.StepsForHooks.TestRunnerHooks" time="0.13" tests="2" errors="2" skipped="0" failures="0">
  <properties>
[...]
</properties>
  <testcase name=" #1" classname="check login functionality" time="0.021">
    <error message="The step &apos;user enters valid username and password&apos; and 1 other step(s) are undefined.&#10;You can implement these steps using the snippet(s) below:&#10;&#10;@When(&quot;user enters valid username and password&quot;)&#10;public void user_enters_valid_username_and_password() {&#10;    // Write code here that turns the phrase above into concrete actions&#10;    throw new io.cucumber.java.PendingException();&#10;}&#10;@Then(&quot;user is land on home page&quot;)&#10;public void user_is_land_on_home_page() {&#10;    // Write code here that turns the phrase above into concrete actions&#10;    throw new io.cucumber.java.PendingException();&#10;}&#10;" type="io.cucumber.junit.UndefinedStepException"><![CDATA[io.cucumber.junit.UndefinedStepException: 
The step 'user enters valid username and password' and 1 other step(s) are undefined.
You can implement these steps using the snippet(s) below:

@When("user enters valid username and password")
public void user_enters_valid_username_and_password() {
    // Write code here that turns the phrase above into concrete actions
    throw new io.cucumber.java.PendingException();
}
@Then("user is land on home page")
public void user_is_land_on_home_page() {
    // Write code here that turns the phrase above into concrete actions
    throw new io.cucumber.java.PendingException();
}

]]></error>
    <system-out><![CDATA[bg: user is on login page
]]></system-out>
  </testcase>
  <testcase name=" #2" classname="check login functionality" time="0.024">
    <error message="The step &apos;user enters valid username and password&apos; and 1 other step(s) are undefined.&#10;You can implement these steps using the snippet(s) below:&#10;&#10;@When(&quot;user enters valid username and password&quot;)&#10;public void user_enters_valid_username_and_password() {&#10;    // Write code here that turns the phrase above into concrete actions&#10;    throw new io.cucumber.java.PendingException();&#10;}&#10;@Then(&quot;user is land on home page&quot;)&#10;public void user_is_land_on_home_page() {&#10;    // Write code here that turns the phrase above into concrete actions&#10;    throw new io.cucumber.java.PendingException();&#10;}&#10;" type="io.cucumber.junit.UndefinedStepException"><![CDATA[io.cucumber.junit.UndefinedStepException: 
The step 'user enters valid username and password' and 1 other step(s) are undefined.
You can implement these steps using the snippet(s) below:

@When("user enters valid username and password")
public void user_enters_valid_username_and_password() {
    // Write code here that turns the phrase above into concrete actions
    throw new io.cucumber.java.PendingException();
}
@Then("user is land on home page")
public void user_is_land_on_home_page() {
    // Write code here that turns the phrase above into concrete actions
    throw new io.cucumber.java.PendingException();
}

]]></error>
    <system-out><![CDATA[bg: user is on login page
]]></system-out>
  </testcase>
</testsuite>